<?xml version="1.0" encoding="UTF-8"?>
<coverage generated="1611491577621" clover="3.2.0">
  <project timestamp="1611491577622" name="All files">
    <metrics statements="34" coveredstatements="33" conditionals="17" coveredconditionals="15" methods="8" coveredmethods="8" elements="59" coveredelements="56" complexity="0" loc="34" ncloc="34" packages="1" files="1" classes="1"/>
    <file name="utils.ts" path="/Users/dhirajpallavipriya/iag/src/utils.ts">
      <metrics statements="34" coveredstatements="33" conditionals="17" coveredconditionals="15" methods="8" coveredmethods="8"/>
      <line num="4" count="1" type="stmt"/>
      <line num="6" count="1" type="stmt"/>
      <line num="8" count="1" type="stmt"/>
      <line num="12" count="25" type="cond" truecount="2" falsecount="0"/>
      <line num="14" count="13" type="stmt"/>
      <line num="16" count="5" type="stmt"/>
      <line num="17" count="20" type="stmt"/>
      <line num="19" count="5" type="stmt"/>
      <line num="20" count="5" type="stmt"/>
      <line num="21" count="5" type="stmt"/>
      <line num="22" count="5" type="cond" truecount="2" falsecount="0"/>
      <line num="24" count="1" type="stmt"/>
      <line num="34" count="4" type="stmt"/>
      <line num="46" count="5" type="stmt"/>
      <line num="47" count="5" type="stmt"/>
      <line num="48" count="5" type="stmt"/>
      <line num="49" count="20" type="stmt"/>
      <line num="51" count="5" type="stmt"/>
      <line num="64" count="2" type="stmt"/>
      <line num="65" count="2" type="stmt"/>
      <line num="66" count="2" type="stmt"/>
      <line num="67" count="8" type="stmt"/>
      <line num="69" count="2" type="stmt"/>
      <line num="74" count="3" type="cond" truecount="3" falsecount="1"/>
      <line num="81" count="1" type="stmt"/>
      <line num="82" count="1" type="stmt"/>
      <line num="83" count="4" type="stmt"/>
      <line num="85" count="1" type="stmt"/>
      <line num="95" count="0" type="stmt"/>
      <line num="99" count="1" type="stmt"/>
      <line num="100" count="2" type="stmt"/>
      <line num="101" count="2" type="stmt"/>
      <line num="102" count="1" type="stmt"/>
      <line num="103" count="1" type="stmt"/>
    </file>
  </project>
</coverage>
