{"/Users/dhirajpallavipriya/iag/src/utils.ts": {"path":"/Users/dhirajpallavipriya/iag/src/utils.ts","statementMap":{"0":{"start":{"line":4,"column":0},"end":{"line":4,"column":38}},"1":{"start":{"line":6,"column":0},"end":{"line":6,"column":38}},"2":{"start":{"line":8,"column":23},"end":{"line":97,"column":1}},"3":{"start":{"line":12,"column":2},"end":{"line":12,"column":null}},"4":{"start":{"line":14,"column":2},"end":{"line":96,"column":null}},"5":{"start":{"line":16,"column":24},"end":{"line":17,"column":null}},"6":{"start":{"line":17,"column":47},"end":{"line":17,"column":67}},"7":{"start":{"line":19,"column":18},"end":{"line":19,"column":43}},"8":{"start":{"line":20,"column":18},"end":{"line":20,"column":43}},"9":{"start":{"line":21,"column":49},"end":{"line":21,"column":65}},"10":{"start":{"line":21,"column":20},"end":{"line":21,"column":22}},"11":{"start":{"line":21,"column":32},"end":{"line":21,"column":34}},"12":{"start":{"line":21,"column":44},"end":{"line":21,"column":49}},"13":{"start":{"line":22,"column":6},"end":{"line":43,"column":null}},"14":{"start":{"line":24,"column":8},"end":{"line":30,"column":null}},"15":{"start":{"line":34,"column":8},"end":{"line":40,"column":null}},"16":{"start":{"line":46,"column":21},"end":{"line":46,"column":43}},"17":{"start":{"line":47,"column":49},"end":{"line":47,"column":66}},"18":{"start":{"line":47,"column":20},"end":{"line":47,"column":22}},"19":{"start":{"line":47,"column":32},"end":{"line":47,"column":34}},"20":{"start":{"line":47,"column":44},"end":{"line":47,"column":49}},"21":{"start":{"line":48,"column":33},"end":{"line":49,"column":null}},"22":{"start":{"line":49,"column":47},"end":{"line":49,"column":68}},"23":{"start":{"line":51,"column":6},"end":{"line":59,"column":null}},"24":{"start":{"line":64,"column":19},"end":{"line":64,"column":52}},"25":{"start":{"line":65,"column":41},"end":{"line":65,"column":57}},"26":{"start":{"line":65,"column":24},"end":{"line":65,"column":26}},"27":{"start":{"line":65,"column":36},"end":{"line":65,"column":41}},"28":{"start":{"line":66,"column":32},"end":{"line":67,"column":null}},"29":{"start":{"line":67,"column":47},"end":{"line":67,"column":67}},"30":{"start":{"line":69,"column":6},"end":{"line":76,"column":null}},"31":{"start":{"line":74,"column":50},"end":{"line":74,"column":null}},"32":{"start":{"line":81,"column":41},"end":{"line":81,"column":60}},"33":{"start":{"line":81,"column":24},"end":{"line":81,"column":26}},"34":{"start":{"line":81,"column":36},"end":{"line":81,"column":41}},"35":{"start":{"line":82,"column":35},"end":{"line":83,"column":null}},"36":{"start":{"line":83,"column":47},"end":{"line":83,"column":70}},"37":{"start":{"line":85,"column":6},"end":{"line":90,"column":null}},"38":{"start":{"line":95,"column":6},"end":{"line":95,"column":25}},"39":{"start":{"line":8,"column":13},"end":{"line":8,"column":23}},"40":{"start":{"line":99,"column":32},"end":{"line":105,"column":1}},"41":{"start":{"line":100,"column":37},"end":{"line":100,"column":39}},"42":{"start":{"line":101,"column":2},"end":{"line":104,"column":4}},"43":{"start":{"line":102,"column":4},"end":{"line":102,"column":40}},"44":{"start":{"line":103,"column":4},"end":{"line":103,"column":64}},"45":{"start":{"line":99,"column":13},"end":{"line":99,"column":32}}},"fnMap":{"0":{"name":"(anonymous_4)","decl":{"start":{"line":8,"column":23},"end":{"line":8,"column":null}},"loc":{"start":{"line":12,"column":31},"end":{"line":97,"column":1}}},"1":{"name":"(anonymous_5)","decl":{"start":{"line":17,"column":32},"end":{"line":17,"column":33}},"loc":{"start":{"line":17,"column":42},"end":{"line":17,"column":51}}},"2":{"name":"(anonymous_6)","decl":{"start":{"line":49,"column":32},"end":{"line":49,"column":33}},"loc":{"start":{"line":49,"column":42},"end":{"line":49,"column":51}}},"3":{"name":"(anonymous_7)","decl":{"start":{"line":67,"column":32},"end":{"line":67,"column":33}},"loc":{"start":{"line":67,"column":42},"end":{"line":67,"column":51}}},"4":{"name":"(anonymous_8)","decl":{"start":{"line":74,"column":40},"end":{"line":74,"column":41}},"loc":{"start":{"line":74,"column":45},"end":{"line":74,"column":54}}},"5":{"name":"(anonymous_9)","decl":{"start":{"line":83,"column":32},"end":{"line":83,"column":33}},"loc":{"start":{"line":83,"column":42},"end":{"line":83,"column":51}}},"6":{"name":"(anonymous_10)","decl":{"start":{"line":99,"column":32},"end":{"line":99,"column":33}},"loc":{"start":{"line":99,"column":50},"end":{"line":105,"column":1}}},"7":{"name":"(anonymous_11)","decl":{"start":{"line":101,"column":9},"end":{"line":101,"column":10}},"loc":{"start":{"line":101,"column":49},"end":{"line":104,"column":3}}}},"branchMap":{"0":{"loc":{"start":{"line":12,"column":2},"end":{"line":12,"column":null}},"type":"if","locations":[{"start":{"line":12,"column":2},"end":{"line":12,"column":null}},{"start":{"line":12,"column":2},"end":{"line":12,"column":null}}]},"1":{"loc":{"start":{"line":15,"column":4},"end":{"line":44,"column":null}},"type":"switch","locations":[{"start":{"line":15,"column":4},"end":{"line":44,"column":null}},{"start":{"line":45,"column":4},"end":{"line":62,"column":null}},{"start":{"line":63,"column":4},"end":{"line":79,"column":null}},{"start":{"line":80,"column":4},"end":{"line":93,"column":null}},{"start":{"line":94,"column":4},"end":{"line":95,"column":25}}]},"2":{"loc":{"start":{"line":22,"column":6},"end":{"line":43,"column":null}},"type":"if","locations":[{"start":{"line":22,"column":6},"end":{"line":43,"column":null}},{"start":{"line":22,"column":6},"end":{"line":43,"column":null}}]},"3":{"loc":{"start":{"line":58,"column":16},"end":{"line":58,"column":41}},"type":"cond-expr","locations":[{"start":{"line":58,"column":16},"end":{"line":58,"column":41}},{"start":{"line":59,"column":16},"end":{"line":59,"column":39}}]},"4":{"loc":{"start":{"line":75,"column":14},"end":{"line":75,"column":15}},"type":"cond-expr","locations":[{"start":{"line":75,"column":14},"end":{"line":75,"column":15}},{"start":{"line":76,"column":14},"end":{"line":76,"column":36}}]},"5":{"loc":{"start":{"line":74,"column":33},"end":{"line":74,"column":35}},"type":"cond-expr","locations":[{"start":{"line":74,"column":33},"end":{"line":74,"column":35}},{"start":{"line":74,"column":22},"end":{"line":74,"column":null}}]},"6":{"loc":{"start":{"line":74,"column":22},"end":{"line":74,"column":35}},"type":"binary-expr","locations":[{"start":{"line":74,"column":22},"end":{"line":74,"column":35}},{"start":{"line":74,"column":22},"end":{"line":74,"column":35}}]}},"s":{"0":1,"1":1,"2":1,"3":25,"4":13,"5":5,"6":20,"7":5,"8":5,"9":5,"10":5,"11":5,"12":5,"13":5,"14":1,"15":4,"16":5,"17":5,"18":5,"19":5,"20":5,"21":5,"22":20,"23":5,"24":2,"25":2,"26":2,"27":2,"28":2,"29":8,"30":2,"31":3,"32":1,"33":1,"34":1,"35":1,"36":4,"37":1,"38":0,"39":1,"40":1,"41":2,"42":2,"43":1,"44":1,"45":1},"f":{"0":13,"1":20,"2":20,"3":8,"4":3,"5":4,"6":2,"7":1},"b":{"0":[12,1],"1":[5,5,2,1,0],"2":[1,4],"3":[1,4],"4":[1,1],"5":[0,2],"6":[2,2]}}
}
