TN:
SF:src/utils.ts
FN:8,(anonymous_4)
FN:17,(anonymous_5)
FN:49,(anonymous_6)
FN:67,(anonymous_7)
FN:74,(anonymous_8)
FN:83,(anonymous_9)
FN:99,(anonymous_10)
FN:101,(anonymous_11)
FNF:8
FNH:8
FNDA:13,(anonymous_4)
FNDA:20,(anonymous_5)
FNDA:20,(anonymous_6)
FNDA:8,(anonymous_7)
FNDA:3,(anonymous_8)
FNDA:4,(anonymous_9)
FNDA:2,(anonymous_10)
FNDA:1,(anonymous_11)
DA:4,1
DA:6,1
DA:8,1
DA:12,25
DA:14,13
DA:16,5
DA:17,20
DA:19,5
DA:20,5
DA:21,5
DA:22,5
DA:24,1
DA:34,4
DA:46,5
DA:47,5
DA:48,5
DA:49,20
DA:51,5
DA:64,2
DA:65,2
DA:66,2
DA:67,8
DA:69,2
DA:74,3
DA:81,1
DA:82,1
DA:83,4
DA:85,1
DA:95,0
DA:99,1
DA:100,2
DA:101,2
DA:102,1
DA:103,1
LF:34
LH:33
BRDA:12,0,0,12
BRDA:12,0,1,1
BRDA:15,1,0,5
BRDA:15,1,1,5
BRDA:15,1,2,2
BRDA:15,1,3,1
BRDA:15,1,4,0
BRDA:22,2,0,1
BRDA:22,2,1,4
BRDA:58,3,0,1
BRDA:58,3,1,4
BRDA:75,4,0,1
BRDA:75,4,1,1
BRDA:74,5,0,0
BRDA:74,5,1,2
BRDA:74,6,0,2
BRDA:74,6,1,2
BRF:17
BRH:15
end_of_record
